# JRE version: OpenJDK Runtime Environment (8.0_202-b03) (build 1.8.0_202-release-1483-b03)
# Java VM: OpenJDK 64-Bit Server VM (25.202-b03 mixed mode windows-amd64 compressed oops)
Heap:
 PSYoungGen      total 207872K, used 152493K [0x00000000e0000000, 0x00000000ef880000, 0x0000000100000000)
  eden space 188416K, 80% used [0x00000000e0000000,0x00000000e94eb5f0,0x00000000eb800000)
  from space 19456K, 0% used [0x00000000ecb80000,0x00000000ecb80000,0x00000000ede80000)
  to   space 19968K, 0% used [0x00000000eb800000,0x00000000eb800000,0x00000000ecb80000)
 ParOldGen       total 121344K, used 31882K [0x00000000a0000000, 0x00000000a7680000, 0x00000000e0000000)
  object space 121344K, 26% used [0x00000000a0000000,0x00000000a1f22910,0x00000000a7680000)
 Metaspace       used 65060K, capacity 67408K, committed 67712K, reserved 1107968K
  class space    used 8809K, capacity 9273K, committed 9344K, reserved 1048576K
GC Heap History (10 events):
Event: 24.734 GC heap before
{Heap before GC invocations=11 (full 2):
 PSYoungGen      total 128000K, used 9595K [0x00000000e0000000, 0x00000000ebd00000, 0x0000000100000000)
  eden space 116736K, 0% used [0x00000000e0000000,0x00000000e0000000,0x00000000e7200000)
  from space 11264K, 85% used [0x00000000e7200000,0x00000000e7b5ec98,0x00000000e7d00000)
  to   space 11776K, 0% used [0x00000000eb180000,0x00000000eb180000,0x00000000ebd00000)
 ParOldGen       total 55296K, used 11389K [0x00000000a0000000, 0x00000000a3600000, 0x00000000e0000000)
  object space 55296K, 20% used [0x00000000a0000000,0x00000000a0b1f678,0x00000000a3600000)
 Metaspace       used 34471K, capacity 35418K, committed 35456K, reserved 1079296K
  class space    used 4749K, capacity 4984K, committed 4992K, reserved 1048576K
Event: 24.971 GC heap after
Heap after GC invocations=11 (full 2):
 PSYoungGen      total 128000K, used 0K [0x00000000e0000000, 0x00000000ebd00000, 0x0000000100000000)
  eden space 116736K, 0% used [0x00000000e0000000,0x00000000e0000000,0x00000000e7200000)
  from space 11264K, 0% used [0x00000000e7200000,0x00000000e7200000,0x00000000e7d00000)
  to   space 11776K, 0% used [0x00000000eb180000,0x00000000eb180000,0x00000000ebd00000)
 ParOldGen       total 80896K, used 16760K [0x00000000a0000000, 0x00000000a4f00000, 0x00000000e0000000)
  object space 80896K, 20% used [0x00000000a0000000,0x00000000a105e1b0,0x00000000a4f00000)
 Metaspace       used 34471K, capacity 35418K, committed 35456K, reserved 1079296K
  class space    used 4749K, capacity 4984K, committed 4992K, reserved 1048576K
}
Event: 37.279 GC heap before
{Heap before GC invocations=12 (full 2):
 PSYoungGen      total 128000K, used 116736K [0x00000000e0000000, 0x00000000ebd00000, 0x0000000100000000)
  eden space 116736K, 100% used [0x00000000e0000000,0x00000000e7200000,0x00000000e7200000)
  from space 11264K, 0% used [0x00000000e7200000,0x00000000e7200000,0x00000000e7d00000)
  to   space 11776K, 0% used [0x00000000eb180000,0x00000000eb180000,0x00000000ebd00000)
 ParOldGen       total 80896K, used 16760K [0x00000000a0000000, 0x00000000a4f00000, 0x00000000e0000000)
  object space 80896K, 20% used [0x00000000a0000000,0x00000000a105e1b0,0x00000000a4f00000)
 Metaspace       used 46265K, capacity 47634K, committed 48000K, reserved 1091584K
  class space    used 6150K, capacity 6449K, committed 6528K, reserved 1048576K
Event: 37.308 GC heap after
Heap after GC invocations=12 (full 2):
 PSYoungGen      total 158208K, used 11765K [0x00000000e0000000, 0x00000000ebd00000, 0x0000000100000000)
  eden space 146432K, 0% used [0x00000000e0000000,0x00000000e0000000,0x00000000e8f00000)
  from space 11776K, 99% used [0x00000000eb180000,0x00000000ebcfd4c0,0x00000000ebd00000)
  to   space 14336K, 0% used [0x00000000ea100000,0x00000000ea100000,0x00000000eaf00000)
 ParOldGen       total 80896K, used 20595K [0x00000000a0000000, 0x00000000a4f00000, 0x00000000e0000000)
  object space 80896K, 25% used [0x00000000a0000000,0x00000000a141ced8,0x00000000a4f00000)
 Metaspace       used 46265K, capacity 47634K, committed 48000K, reserved 1091584K
  class space    used 6150K, capacity 6449K, committed 6528K, reserved 1048576K
}
Event: 46.479 GC heap before
{Heap before GC invocations=13 (full 2):
 PSYoungGen      total 158208K, used 158197K [0x00000000e0000000, 0x00000000ebd00000, 0x0000000100000000)
  eden space 146432K, 100% used [0x00000000e0000000,0x00000000e8f00000,0x00000000e8f00000)
  from space 11776K, 99% used [0x00000000eb180000,0x00000000ebcfd4c0,0x00000000ebd00000)
  to   space 14336K, 0% used [0x00000000ea100000,0x00000000ea100000,0x00000000eaf00000)
 ParOldGen       total 80896K, used 20595K [0x00000000a0000000, 0x00000000a4f00000, 0x00000000e0000000)
  object space 80896K, 25% used [0x00000000a0000000,0x00000000a141ced8,0x00000000a4f00000)
 Metaspace       used 55478K, capacity 57252K, committed 57472K, reserved 1099776K
  class space    used 7400K, capacity 7792K, committed 7808K, reserved 1048576K
Event: 46.701 GC heap after
Heap after GC invocations=13 (full 2):
 PSYoungGen      total 179200K, used 14309K [0x00000000e0000000, 0x00000000ede80000, 0x0000000100000000)
  eden space 164864K, 0% used [0x00000000e0000000,0x00000000e0000000,0x00000000ea100000)
  from space 14336K, 99% used [0x00000000ea100000,0x00000000eaef95c8,0x00000000eaf00000)
  to   space 19456K, 0% used [0x00000000ecb80000,0x00000000ecb80000,0x00000000ede80000)
 ParOldGen       total 80896K, used 29800K [0x00000000a0000000, 0x00000000a4f00000, 0x00000000e0000000)
  object space 80896K, 36% used [0x00000000a0000000,0x00000000a1d1a0f8,0x00000000a4f00000)
 Metaspace       used 55478K, capacity 57252K, committed 57472K, reserved 1099776K
  class space    used 7400K, capacity 7792K, committed 7808K, reserved 1048576K
}
Event: 49.653 GC heap before
{Heap before GC invocations=14 (full 2):
 PSYoungGen      total 179200K, used 39992K [0x00000000e0000000, 0x00000000ede80000, 0x0000000100000000)
  eden space 164864K, 15% used [0x00000000e0000000,0x00000000e1914ba0,0x00000000ea100000)
  from space 14336K, 99% used [0x00000000ea100000,0x00000000eaef95c8,0x00000000eaf00000)
  to   space 19456K, 0% used [0x00000000ecb80000,0x00000000ecb80000,0x00000000ede80000)
 ParOldGen       total 80896K, used 29800K [0x00000000a0000000, 0x00000000a4f00000, 0x00000000e0000000)
  object space 80896K, 36% used [0x00000000a0000000,0x00000000a1d1a0f8,0x00000000a4f00000)
 Metaspace       used 57063K, capacity 59006K, committed 59096K, reserved 1099776K
  class space    used 7643K, capacity 8036K, committed 8064K, reserved 1048576K
Event: 49.709 GC heap after
Heap after GC invocations=14 (full 2):
 PSYoungGen      total 207872K, used 2208K [0x00000000e0000000, 0x00000000ef880000, 0x0000000100000000)
  eden space 188416K, 0% used [0x00000000e0000000,0x00000000e0000000,0x00000000eb800000)
  from space 19456K, 11% used [0x00000000ecb80000,0x00000000ecda8000,0x00000000ede80000)
  to   space 19968K, 0% used [0x00000000eb800000,0x00000000eb800000,0x00000000ecb80000)
 ParOldGen       total 80896K, used 37878K [0x00000000a0000000, 0x00000000a4f00000, 0x00000000e0000000)
  object space 80896K, 46% used [0x00000000a0000000,0x00000000a24fd9b8,0x00000000a4f00000)
 Metaspace       used 57063K, capacity 59006K, committed 59096K, reserved 1099776K
  class space    used 7643K, capacity 8036K, committed 8064K, reserved 1048576K
}
Event: 49.709 GC heap before
{Heap before GC invocations=15 (full 3):
 PSYoungGen      total 207872K, used 2208K [0x00000000e0000000, 0x00000000ef880000, 0x0000000100000000)
  eden space 188416K, 0% used [0x00000000e0000000,0x00000000e0000000,0x00000000eb800000)
  from space 19456K, 11% used [0x00000000ecb80000,0x00000000ecda8000,0x00000000ede80000)
  to   space 19968K, 0% used [0x00000000eb800000,0x00000000eb800000,0x00000000ecb80000)
 ParOldGen       total 80896K, used 37878K [0x00000000a0000000, 0x00000000a4f00000, 0x00000000e0000000)
  object space 80896K, 46% used [0x00000000a0000000,0x00000000a24fd9b8,0x00000000a4f00000)
 Metaspace       used 57063K, capacity 59006K, committed 59096K, reserved 1099776K
  class space    used 7643K, capacity 8036K, committed 8064K, reserved 1048576K
Event: 50.488 GC heap after
Heap after GC invocations=15 (full 3):
 PSYoungGen      total 207872K, used 0K [0x00000000e0000000, 0x00000000ef880000, 0x0000000100000000)
  eden space 188416K, 0% used [0x00000000e0000000,0x00000000e0000000,0x00000000eb800000)
  from space 19456K, 0% used [0x00000000ecb80000,0x00000000ecb80000,0x00000000ede80000)
  to   space 19968K, 0% used [0x00000000eb800000,0x00000000eb800000,0x00000000ecb80000)
 ParOldGen       total 121344K, used 31882K [0x00000000a0000000, 0x00000000a7680000, 0x00000000e0000000)
  object space 121344K, 26% used [0x00000000a0000000,0x00000000a1f22910,0x00000000a7680000)
 Metaspace       used 57033K, capacity 58906K, committed 59096K, reserved 1099776K
  class space    used 7635K, capacity 8026K, committed 8064K, reserved 1048576K
}

