# JRE version: OpenJDK Runtime Environment (8.0_202-b03) (build 1.8.0_202-release-1483-b03)
# Java VM: OpenJDK 64-Bit Server VM (25.202-b03 mixed mode windows-amd64 compressed oops)
Heap:
 PSYoungGen      total 129024K, used 65629K [0x00000000e0000000, 0x00000000ea880000, 0x0000000100000000)
  eden space 114688K, 44% used [0x00000000e0000000,0x00000000e321ddc8,0x00000000e7000000)
  from space 14336K, 99% used [0x00000000e8080000,0x00000000e8e796f8,0x00000000e8e80000)
  to   space 16896K, 0% used [0x00000000e7000000,0x00000000e7000000,0x00000000e8080000)
 ParOldGen       total 131584K, used 33417K [0x00000000a0000000, 0x00000000a8080000, 0x00000000e0000000)
  object space 131584K, 25% used [0x00000000a0000000,0x00000000a20a2728,0x00000000a8080000)
 Metaspace       used 70141K, capacity 72460K, committed 72704K, reserved 1112064K
  class space    used 9349K, capacity 9868K, committed 9984K, reserved 1048576K
GC Heap History (10 events):
Event: 37.184 GC heap before
{Heap before GC invocations=15 (full 2):
 PSYoungGen      total 104448K, used 102433K [0x00000000e0000000, 0x00000000e7200000, 0x0000000100000000)
  eden space 93184K, 100% used [0x00000000e0000000,0x00000000e5b00000,0x00000000e5b00000)
  from space 11264K, 82% used [0x00000000e6700000,0x00000000e7008438,0x00000000e7200000)
  to   space 11776K, 0% used [0x00000000e5b00000,0x00000000e5b00000,0x00000000e6680000)
 ParOldGen       total 87552K, used 21694K [0x00000000a0000000, 0x00000000a5580000, 0x00000000e0000000)
  object space 87552K, 24% used [0x00000000a0000000,0x00000000a152fa70,0x00000000a5580000)
 Metaspace       used 55291K, capacity 57100K, committed 57472K, reserved 1099776K
  class space    used 7368K, capacity 7719K, committed 7808K, reserved 1048576K
Event: 37.214 GC heap after
Heap after GC invocations=15 (full 2):
 PSYoungGen      total 104960K, used 11773K [0x00000000e0000000, 0x00000000e8e80000, 0x0000000100000000)
  eden space 93184K, 0% used [0x00000000e0000000,0x00000000e0000000,0x00000000e5b00000)
  from space 11776K, 99% used [0x00000000e5b00000,0x00000000e667f4e8,0x00000000e6680000)
  to   space 14336K, 0% used [0x00000000e8080000,0x00000000e8080000,0x00000000e8e80000)
 ParOldGen       total 87552K, used 25139K [0x00000000a0000000, 0x00000000a5580000, 0x00000000e0000000)
  object space 87552K, 28% used [0x00000000a0000000,0x00000000a188cdc0,0x00000000a5580000)
 Metaspace       used 55291K, capacity 57100K, committed 57472K, reserved 1099776K
  class space    used 7368K, capacity 7719K, committed 7808K, reserved 1048576K
}
Event: 40.161 GC heap before
{Heap before GC invocations=16 (full 2):
 PSYoungGen      total 104960K, used 57795K [0x00000000e0000000, 0x00000000e8e80000, 0x0000000100000000)
  eden space 93184K, 49% used [0x00000000e0000000,0x00000000e2cf1a40,0x00000000e5b00000)
  from space 11776K, 99% used [0x00000000e5b00000,0x00000000e667f4e8,0x00000000e6680000)
  to   space 14336K, 0% used [0x00000000e8080000,0x00000000e8080000,0x00000000e8e80000)
 ParOldGen       total 87552K, used 25139K [0x00000000a0000000, 0x00000000a5580000, 0x00000000e0000000)
  object space 87552K, 28% used [0x00000000a0000000,0x00000000a188cdc0,0x00000000a5580000)
 Metaspace       used 57067K, capacity 59014K, committed 59096K, reserved 1099776K
  class space    used 7644K, capacity 8038K, committed 8064K, reserved 1048576K
Event: 40.225 GC heap after
Heap after GC invocations=16 (full 2):
 PSYoungGen      total 131584K, used 3921K [0x00000000e0000000, 0x00000000e9300000, 0x0000000100000000)
  eden space 117248K, 0% used [0x00000000e0000000,0x00000000e0000000,0x00000000e7280000)
  from space 14336K, 27% used [0x00000000e8080000,0x00000000e84547d0,0x00000000e8e80000)
  to   space 14336K, 0% used [0x00000000e7280000,0x00000000e7280000,0x00000000e8080000)
 ParOldGen       total 87552K, used 34732K [0x00000000a0000000, 0x00000000a5580000, 0x00000000e0000000)
  object space 87552K, 39% used [0x00000000a0000000,0x00000000a21eb398,0x00000000a5580000)
 Metaspace       used 57067K, capacity 59014K, committed 59096K, reserved 1099776K
  class space    used 7644K, capacity 8038K, committed 8064K, reserved 1048576K
}
Event: 40.225 GC heap before
{Heap before GC invocations=17 (full 3):
 PSYoungGen      total 131584K, used 3921K [0x00000000e0000000, 0x00000000e9300000, 0x0000000100000000)
  eden space 117248K, 0% used [0x00000000e0000000,0x00000000e0000000,0x00000000e7280000)
  from space 14336K, 27% used [0x00000000e8080000,0x00000000e84547d0,0x00000000e8e80000)
  to   space 14336K, 0% used [0x00000000e7280000,0x00000000e7280000,0x00000000e8080000)
 ParOldGen       total 87552K, used 34732K [0x00000000a0000000, 0x00000000a5580000, 0x00000000e0000000)
  object space 87552K, 39% used [0x00000000a0000000,0x00000000a21eb398,0x00000000a5580000)
 Metaspace       used 57067K, capacity 59014K, committed 59096K, reserved 1099776K
  class space    used 7644K, capacity 8038K, committed 8064K, reserved 1048576K
Event: 40.963 GC heap after
Heap after GC invocations=17 (full 3):
 PSYoungGen      total 131584K, used 0K [0x00000000e0000000, 0x00000000e9300000, 0x0000000100000000)
  eden space 117248K, 0% used [0x00000000e0000000,0x00000000e0000000,0x00000000e7280000)
  from space 14336K, 0% used [0x00000000e8080000,0x00000000e8080000,0x00000000e8e80000)
  to   space 14336K, 0% used [0x00000000e7280000,0x00000000e7280000,0x00000000e8080000)
 ParOldGen       total 131584K, used 31940K [0x00000000a0000000, 0x00000000a8080000, 0x00000000e0000000)
  object space 131584K, 24% used [0x00000000a0000000,0x00000000a1f31078,0x00000000a8080000)
 Metaspace       used 57034K, capacity 58902K, committed 59096K, reserved 1099776K
  class space    used 7635K, capacity 8026K, committed 8064K, reserved 1048576K
}
Event: 47.713 GC heap before
{Heap before GC invocations=18 (full 3):
 PSYoungGen      total 131584K, used 117248K [0x00000000e0000000, 0x00000000e9300000, 0x0000000100000000)
  eden space 117248K, 100% used [0x00000000e0000000,0x00000000e7280000,0x00000000e7280000)
  from space 14336K, 0% used [0x00000000e8080000,0x00000000e8080000,0x00000000e8e80000)
  to   space 14336K, 0% used [0x00000000e7280000,0x00000000e7280000,0x00000000e8080000)
 ParOldGen       total 131584K, used 31940K [0x00000000a0000000, 0x00000000a8080000, 0x00000000e0000000)
  object space 131584K, 24% used [0x00000000a0000000,0x00000000a1f31078,0x00000000a8080000)
 Metaspace       used 64039K, capacity 66160K, committed 66304K, reserved 1105920K
  class space    used 8666K, capacity 9123K, committed 9216K, reserved 1048576K
Event: 47.751 GC heap after
Heap after GC invocations=18 (full 3):
 PSYoungGen      total 131584K, used 9671K [0x00000000e0000000, 0x00000000e9300000, 0x0000000100000000)
  eden space 117248K, 0% used [0x00000000e0000000,0x00000000e0000000,0x00000000e7280000)
  from space 14336K, 67% used [0x00000000e7280000,0x00000000e7bf1c70,0x00000000e8080000)
  to   space 14336K, 0% used [0x00000000e8080000,0x00000000e8080000,0x00000000e8e80000)
 ParOldGen       total 131584K, used 32012K [0x00000000a0000000, 0x00000000a8080000, 0x00000000e0000000)
  object space 131584K, 24% used [0x00000000a0000000,0x00000000a1f43088,0x00000000a8080000)
 Metaspace       used 64039K, capacity 66160K, committed 66304K, reserved 1105920K
  class space    used 8666K, capacity 9123K, committed 9216K, reserved 1048576K
}
Event: 55.927 GC heap before
{Heap before GC invocations=19 (full 3):
 PSYoungGen      total 131584K, used 126911K [0x00000000e0000000, 0x00000000e9300000, 0x0000000100000000)
  eden space 117248K, 99% used [0x00000000e0000000,0x00000000e727e120,0x00000000e7280000)
  from space 14336K, 67% used [0x00000000e7280000,0x00000000e7bf1c70,0x00000000e8080000)
  to   space 14336K, 0% used [0x00000000e8080000,0x00000000e8080000,0x00000000e8e80000)
 ParOldGen       total 131584K, used 32012K [0x00000000a0000000, 0x00000000a8080000, 0x00000000e0000000)
  object space 131584K, 24% used [0x00000000a0000000,0x00000000a1f43088,0x00000000a8080000)
 Metaspace       used 70039K, capacity 72320K, committed 72448K, reserved 1112064K
  class space    used 9348K, capacity 9866K, committed 9984K, reserved 1048576K
Event: 55.981 GC heap after
Heap after GC invocations=19 (full 3):
 PSYoungGen      total 129024K, used 14309K [0x00000000e0000000, 0x00000000ea880000, 0x0000000100000000)
  eden space 114688K, 0% used [0x00000000e0000000,0x00000000e0000000,0x00000000e7000000)
  from space 14336K, 99% used [0x00000000e8080000,0x00000000e8e796f8,0x00000000e8e80000)
  to   space 16896K, 0% used [0x00000000e7000000,0x00000000e7000000,0x00000000e8080000)
 ParOldGen       total 131584K, used 33417K [0x00000000a0000000, 0x00000000a8080000, 0x00000000e0000000)
  object space 131584K, 25% used [0x00000000a0000000,0x00000000a20a2728,0x00000000a8080000)
 Metaspace       used 70039K, capacity 72320K, committed 72448K, reserved 1112064K
  class space    used 9348K, capacity 9866K, committed 9984K, reserved 1048576K
}

