# JRE version: OpenJDK Runtime Environment (8.0_202-b03) (build 1.8.0_202-release-1483-b03)
# Java VM: OpenJDK 64-Bit Server VM (25.202-b03 mixed mode windows-amd64 compressed oops)
Heap:
 PSYoungGen      total 499200K, used 207298K [0x00000000e0000000, 0x0000000100000000, 0x0000000100000000)
  eden space 477696K, 40% used [0x00000000e0000000,0x00000000ebce9868,0x00000000fd280000)
  from space 21504K, 64% used [0x00000000fd280000,0x00000000fe007188,0x00000000fe780000)
  to   space 21504K, 0% used [0x00000000feb00000,0x00000000feb00000,0x0000000100000000)
 ParOldGen       total 198144K, used 151740K [0x00000000a0000000, 0x00000000ac180000, 0x00000000e0000000)
  object space 198144K, 76% used [0x00000000a0000000,0x00000000a942f358,0x00000000ac180000)
 Metaspace       used 74171K, capacity 76838K, committed 77016K, reserved 1116160K
  class space    used 9628K, capacity 10166K, committed 10200K, reserved 1048576K
GC Heap History (10 events):
Event: 297.794 GC heap before
{Heap before GC invocations=36 (full 5):
 PSYoungGen      total 494080K, used 478512K [0x00000000e0000000, 0x00000000ffd80000, 0x0000000100000000)
  eden space 469504K, 100% used [0x00000000e0000000,0x00000000fca80000,0x00000000fca80000)
  from space 24576K, 36% used [0x00000000fe580000,0x00000000fee4c030,0x00000000ffd80000)
  to   space 26112K, 0% used [0x00000000fca80000,0x00000000fca80000,0x00000000fe400000)
 ParOldGen       total 198144K, used 120384K [0x00000000a0000000, 0x00000000ac180000, 0x00000000e0000000)
  object space 198144K, 60% used [0x00000000a0000000,0x00000000a7590290,0x00000000ac180000)
 Metaspace       used 74071K, capacity 76764K, committed 77016K, reserved 1116160K
  class space    used 9628K, capacity 10165K, committed 10200K, reserved 1048576K
Event: 298.078 GC heap after
Heap after GC invocations=36 (full 5):
 PSYoungGen      total 495616K, used 8824K [0x00000000e0000000, 0x00000000fff80000, 0x0000000100000000)
  eden space 469504K, 0% used [0x00000000e0000000,0x00000000e0000000,0x00000000fca80000)
  from space 26112K, 33% used [0x00000000fca80000,0x00000000fd31e268,0x00000000fe400000)
  to   space 25088K, 0% used [0x00000000fe700000,0x00000000fe700000,0x00000000fff80000)
 ParOldGen       total 198144K, used 127657K [0x00000000a0000000, 0x00000000ac180000, 0x00000000e0000000)
  object space 198144K, 64% used [0x00000000a0000000,0x00000000a7caa768,0x00000000ac180000)
 Metaspace       used 74071K, capacity 76764K, committed 77016K, reserved 1116160K
  class space    used 9628K, capacity 10165K, committed 10200K, reserved 1048576K
}
Event: 300.366 GC heap before
{Heap before GC invocations=37 (full 5):
 PSYoungGen      total 495616K, used 478328K [0x00000000e0000000, 0x00000000fff80000, 0x0000000100000000)
  eden space 469504K, 100% used [0x00000000e0000000,0x00000000fca80000,0x00000000fca80000)
  from space 26112K, 33% used [0x00000000fca80000,0x00000000fd31e268,0x00000000fe400000)
  to   space 25088K, 0% used [0x00000000fe700000,0x00000000fe700000,0x00000000fff80000)
 ParOldGen       total 198144K, used 127684K [0x00000000a0000000, 0x00000000ac180000, 0x00000000e0000000)
  object space 198144K, 64% used [0x00000000a0000000,0x00000000a7cb1050,0x00000000ac180000)
 Metaspace       used 74093K, capacity 76764K, committed 77016K, reserved 1116160K
  class space    used 9628K, capacity 10165K, committed 10200K, reserved 1048576K
Event: 300.645 GC heap after
Heap after GC invocations=37 (full 5):
 PSYoungGen      total 495616K, used 8559K [0x00000000e0000000, 0x00000000ffd00000, 0x0000000100000000)
  eden space 473088K, 0% used [0x00000000e0000000,0x00000000e0000000,0x00000000fce00000)
  from space 22528K, 37% used [0x00000000fe700000,0x00000000fef5bc80,0x00000000ffd00000)
  to   space 24064K, 0% used [0x00000000fce00000,0x00000000fce00000,0x00000000fe580000)
 ParOldGen       total 198144K, used 134263K [0x00000000a0000000, 0x00000000ac180000, 0x00000000e0000000)
  object space 198144K, 67% used [0x00000000a0000000,0x00000000a831ded0,0x00000000ac180000)
 Metaspace       used 74093K, capacity 76764K, committed 77016K, reserved 1116160K
  class space    used 9628K, capacity 10165K, committed 10200K, reserved 1048576K
}
Event: 303.689 GC heap before
{Heap before GC invocations=38 (full 5):
 PSYoungGen      total 495616K, used 481647K [0x00000000e0000000, 0x00000000ffd00000, 0x0000000100000000)
  eden space 473088K, 100% used [0x00000000e0000000,0x00000000fce00000,0x00000000fce00000)
  from space 22528K, 37% used [0x00000000fe700000,0x00000000fef5bc80,0x00000000ffd00000)
  to   space 24064K, 0% used [0x00000000fce00000,0x00000000fce00000,0x00000000fe580000)
 ParOldGen       total 198144K, used 134266K [0x00000000a0000000, 0x00000000ac180000, 0x00000000e0000000)
  object space 198144K, 67% used [0x00000000a0000000,0x00000000a831e928,0x00000000ac180000)
 Metaspace       used 74108K, capacity 76764K, committed 77016K, reserved 1116160K
  class space    used 9628K, capacity 10165K, committed 10200K, reserved 1048576K
Event: 303.788 GC heap after
Heap after GC invocations=38 (full 5):
 PSYoungGen      total 497152K, used 10109K [0x00000000e0000000, 0x00000000ffe80000, 0x0000000100000000)
  eden space 473088K, 0% used [0x00000000e0000000,0x00000000e0000000,0x00000000fce00000)
  from space 24064K, 42% used [0x00000000fce00000,0x00000000fd7df5e8,0x00000000fe580000)
  to   space 22528K, 0% used [0x00000000fe880000,0x00000000fe880000,0x00000000ffe80000)
 ParOldGen       total 198144K, used 139763K [0x00000000a0000000, 0x00000000ac180000, 0x00000000e0000000)
  object space 198144K, 70% used [0x00000000a0000000,0x00000000a887cc00,0x00000000ac180000)
 Metaspace       used 74108K, capacity 76764K, committed 77016K, reserved 1116160K
  class space    used 9628K, capacity 10165K, committed 10200K, reserved 1048576K
}
Event: 305.686 GC heap before
{Heap before GC invocations=39 (full 5):
 PSYoungGen      total 497152K, used 483197K [0x00000000e0000000, 0x00000000ffe80000, 0x0000000100000000)
  eden space 473088K, 100% used [0x00000000e0000000,0x00000000fce00000,0x00000000fce00000)
  from space 24064K, 42% used [0x00000000fce00000,0x00000000fd7df5e8,0x00000000fe580000)
  to   space 22528K, 0% used [0x00000000fe880000,0x00000000fe880000,0x00000000ffe80000)
 ParOldGen       total 198144K, used 139763K [0x00000000a0000000, 0x00000000ac180000, 0x00000000e0000000)
  object space 198144K, 70% used [0x00000000a0000000,0x00000000a887cc00,0x00000000ac180000)
 Metaspace       used 74151K, capacity 76774K, committed 77016K, reserved 1116160K
  class space    used 9628K, capacity 10166K, committed 10200K, reserved 1048576K
Event: 305.953 GC heap after
Heap after GC invocations=39 (full 5):
 PSYoungGen      total 498176K, used 10456K [0x00000000e0000000, 0x00000000ffc80000, 0x0000000100000000)
  eden space 477696K, 0% used [0x00000000e0000000,0x00000000e0000000,0x00000000fd280000)
  from space 20480K, 51% used [0x00000000fe880000,0x00000000ff2b6158,0x00000000ffc80000)
  to   space 21504K, 0% used [0x00000000fd280000,0x00000000fd280000,0x00000000fe780000)
 ParOldGen       total 198144K, used 146430K [0x00000000a0000000, 0x00000000ac180000, 0x00000000e0000000)
  object space 198144K, 73% used [0x00000000a0000000,0x00000000a8eff998,0x00000000ac180000)
 Metaspace       used 74151K, capacity 76774K, committed 77016K, reserved 1116160K
  class space    used 9628K, capacity 10166K, committed 10200K, reserved 1048576K
}
Event: 309.578 GC heap before
{Heap before GC invocations=40 (full 5):
 PSYoungGen      total 498176K, used 488152K [0x00000000e0000000, 0x00000000ffc80000, 0x0000000100000000)
  eden space 477696K, 100% used [0x00000000e0000000,0x00000000fd280000,0x00000000fd280000)
  from space 20480K, 51% used [0x00000000fe880000,0x00000000ff2b6158,0x00000000ffc80000)
  to   space 21504K, 0% used [0x00000000fd280000,0x00000000fd280000,0x00000000fe780000)
 ParOldGen       total 198144K, used 146430K [0x00000000a0000000, 0x00000000ac180000, 0x00000000e0000000)
  object space 198144K, 73% used [0x00000000a0000000,0x00000000a8eff998,0x00000000ac180000)
 Metaspace       used 74170K, capacity 76838K, committed 77016K, reserved 1116160K
  class space    used 9628K, capacity 10166K, committed 10200K, reserved 1048576K
Event: 310.027 GC heap after
Heap after GC invocations=40 (full 5):
 PSYoungGen      total 499200K, used 13852K [0x00000000e0000000, 0x0000000100000000, 0x0000000100000000)
  eden space 477696K, 0% used [0x00000000e0000000,0x00000000e0000000,0x00000000fd280000)
  from space 21504K, 64% used [0x00000000fd280000,0x00000000fe007188,0x00000000fe780000)
  to   space 21504K, 0% used [0x00000000feb00000,0x00000000feb00000,0x0000000100000000)
 ParOldGen       total 198144K, used 151740K [0x00000000a0000000, 0x00000000ac180000, 0x00000000e0000000)
  object space 198144K, 76% used [0x00000000a0000000,0x00000000a942f358,0x00000000ac180000)
 Metaspace       used 74170K, capacity 76838K, committed 77016K, reserved 1116160K
  class space    used 9628K, capacity 10166K, committed 10200K, reserved 1048576K
}

